#
# There is insufficient memory for the Java Runtime Environment to continue.
# Native memory allocation (malloc) failed to allocate 1144656 bytes for Chunk::new
# Possible reasons:
#   The system is out of physical RAM or swap space
#   The process is running with CompressedOops enabled, and the Java Heap may be blocking the growth of the native heap
# Possible solutions:
#   Reduce memory load on the system
#   Increase physical memory or swap space
#   Check if swap backing store is full
#   Decrease Java heap size (-Xmx/-Xms)
#   Decrease number of Java threads
#   Decrease Java thread stack sizes (-Xss)
#   Set larger code cache with -XX:ReservedCodeCacheSize=
#   JVM is running with Unscaled Compressed Oops mode in which the Java heap is
#     placed in the first 4GB address space. The Java Heap base address is the
#     maximum limit for the native heap growth. Please use -XX:HeapBaseMinAddress
#     to set the Java Heap base and to place the Java Heap above 4GB virtual address.
# This output file may be truncated or incomplete.
#
#  Out of Memory Error (arena.cpp:189), pid=30012, tid=29672
#
# JRE version: OpenJDK Runtime Environment Temurin-17.0.8+7 (17.0.8+7) (build 17.0.8+7)
# Java VM: OpenJDK 64-Bit Server VM Temurin-17.0.8+7 (17.0.8+7, mixed mode, tiered, compressed oops, compressed class ptrs, g1 gc, windows-amd64)
# No core dump will be written. Minidumps are not enabled by default on client versions of Windows
#

---------------  S U M M A R Y ------------

Command Line: -Dfile.encoding=UTF-8 --module-path=C:\Users\matia\OneDrive\Documentos\eclipse-workspace\LigraProfesionalFutbol\bin;C:\Users\matia\Downloads\mysql-connector-j-9.3.0\mysql-connector-j-9.3.0\mysql-connector-j-9.3.0.jar -XX:+ShowCodeDetailsInExceptionMessages -Djdk.module.main=LigraProfesionalFutbol LigraProfesionalFutbol/liga.Liga

Host: AMD Ryzen 5 5625U with Radeon Graphics         , 12 cores, 7G,  Windows 11 , 64 bit Build 26100 (10.0.26100.4202)
Time: Tue Jun 17 21:12:17 2025 Argentina Standard Time elapsed time: 11.353878 seconds (0d 0h 0m 11s)

---------------  T H R E A D  ---------------

Current thread (0x0000027dd5750f40):  JavaThread "C2 CompilerThread2" daemon [_thread_in_native, id=29672, stack(0x000000c2cdf00000,0x000000c2ce000000)]


Current CompileTask:
C2:  11353 2127       4       sun.security.ec.ECOperations::setDouble (559 bytes)

Stack: [0x000000c2cdf00000,0x000000c2ce000000]
Native frames: (J=compiled Java code, j=interpreted, Vv=VM code, C=native code)
V  [jvm.dll+0x678b0a]
V  [jvm.dll+0x835e84]
V  [jvm.dll+0x83762e]
V  [jvm.dll+0x837c93]
V  [jvm.dll+0x24746f]
V  [jvm.dll+0xac20c]
V  [jvm.dll+0xac7dc]
V  [jvm.dll+0x365c52]
V  [jvm.dll+0x1bd012]
V  [jvm.dll+0x219d49]
V  [jvm.dll+0x219011]
V  [jvm.dll+0x1a534d]
V  [jvm.dll+0x228d8a]
V  [jvm.dll+0x226dcc]
V  [jvm.dll+0x7ec09b]
V  [jvm.dll+0x7e64ca]
V  [jvm.dll+0x677955]
C  [ucrtbase.dll+0x37b0]
C  [KERNEL32.DLL+0x2e8d7]
C  [ntdll.dll+0x3c34c]


---------------  P R O C E S S  ---------------

Threads class SMR info:
_java_thread_list=0x0000027dd55ae100, length=15, elements={
0x0000027db5e07650, 0x0000027dd0455030, 0x0000027dd0456470, 0x0000027dd0432fe0,
0x0000027dd04378d0, 0x0000027dd0438d10, 0x0000027dd04395e0, 0x0000027dd0487f20,
0x0000027dd04893a0, 0x0000027dd048b390, 0x0000027dd059afe0, 0x0000027dd501a090,
0x0000027dd510ec60, 0x0000027dd5222070, 0x0000027dd5750f40
}

Java Threads: ( => current thread )
  0x0000027db5e07650 JavaThread "main" [_thread_in_native, id=22960, stack(0x000000c2cc100000,0x000000c2cc200000)]
  0x0000027dd0455030 JavaThread "Reference Handler" daemon [_thread_blocked, id=26112, stack(0x000000c2cc800000,0x000000c2cc900000)]
  0x0000027dd0456470 JavaThread "Finalizer" daemon [_thread_blocked, id=19772, stack(0x000000c2cc900000,0x000000c2cca00000)]
  0x0000027dd0432fe0 JavaThread "Signal Dispatcher" daemon [_thread_blocked, id=33912, stack(0x000000c2cca00000,0x000000c2ccb00000)]
  0x0000027dd04378d0 JavaThread "Attach Listener" daemon [_thread_blocked, id=34744, stack(0x000000c2ccb00000,0x000000c2ccc00000)]
  0x0000027dd0438d10 JavaThread "Service Thread" daemon [_thread_blocked, id=33288, stack(0x000000c2ccc00000,0x000000c2ccd00000)]
  0x0000027dd04395e0 JavaThread "Monitor Deflation Thread" daemon [_thread_blocked, id=4496, stack(0x000000c2ccd00000,0x000000c2cce00000)]
  0x0000027dd0487f20 JavaThread "C2 CompilerThread0" daemon [_thread_blocked, id=34456, stack(0x000000c2cce00000,0x000000c2ccf00000)]
  0x0000027dd04893a0 JavaThread "C1 CompilerThread0" daemon [_thread_blocked, id=33928, stack(0x000000c2ccf00000,0x000000c2cd000000)]
  0x0000027dd048b390 JavaThread "Sweeper thread" daemon [_thread_blocked, id=29448, stack(0x000000c2cd000000,0x000000c2cd100000)]
  0x0000027dd059afe0 JavaThread "Common-Cleaner" daemon [_thread_blocked, id=33232, stack(0x000000c2cd100000,0x000000c2cd200000)]
  0x0000027dd501a090 JavaThread "Notification Thread" daemon [_thread_blocked, id=18900, stack(0x000000c2cd400000,0x000000c2cd500000)]
  0x0000027dd510ec60 JavaThread "mysql-cj-abandoned-connection-cleanup" daemon [_thread_blocked, id=32444, stack(0x000000c2cd600000,0x000000c2cd700000)]
  0x0000027dd5222070 JavaThread "C2 CompilerThread1" daemon [_thread_blocked, id=32980, stack(0x000000c2cd200000,0x000000c2cd300000)]
=>0x0000027dd5750f40 JavaThread "C2 CompilerThread2" daemon [_thread_in_native, id=29672, stack(0x000000c2cdf00000,0x000000c2ce000000)]

Other Threads:
  0x0000027dd0421a00 VMThread "VM Thread" [stack: 0x000000c2cc700000,0x000000c2cc800000] [id=20008]
  0x0000027dd074cc40 WatcherThread [stack: 0x000000c2cd500000,0x000000c2cd600000] [id=6592]
  0x0000027db5e62730 GCTaskThread "GC Thread#0" [stack: 0x000000c2cc200000,0x000000c2cc300000] [id=33596]
  0x0000027dd5590060 GCTaskThread "GC Thread#1" [stack: 0x000000c2cd300000,0x000000c2cd400000] [id=32608]
  0x0000027dd55d4180 GCTaskThread "GC Thread#2" [stack: 0x000000c2cd700000,0x000000c2cd800000] [id=33724]
  0x0000027dd55d1ce0 GCTaskThread "GC Thread#3" [stack: 0x000000c2cd800000,0x000000c2cd900000] [id=34596]
  0x0000027dd56bd660 GCTaskThread "GC Thread#4" [stack: 0x000000c2cd900000,0x000000c2cda00000] [id=7656]
  0x0000027dd56bd920 GCTaskThread "GC Thread#5" [stack: 0x000000c2cda00000,0x000000c2cdb00000] [id=4380]
  0x0000027dd56bdbe0 GCTaskThread "GC Thread#6" [stack: 0x000000c2cdb00000,0x000000c2cdc00000] [id=33700]
  0x0000027dd56bdea0 GCTaskThread "GC Thread#7" [stack: 0x000000c2cdc00000,0x000000c2cdd00000] [id=22088]
  0x0000027dd56be160 GCTaskThread "GC Thread#8" [stack: 0x000000c2cdd00000,0x000000c2cde00000] [id=15320]
  0x0000027dd56d6840 GCTaskThread "GC Thread#9" [stack: 0x000000c2cde00000,0x000000c2cdf00000] [id=18968]
  0x0000027db5e73580 ConcurrentGCThread "G1 Main Marker" [stack: 0x000000c2cc300000,0x000000c2cc400000] [id=23524]
  0x0000027db5e73ea0 ConcurrentGCThread "G1 Conc#0" [stack: 0x000000c2cc400000,0x000000c2cc500000] [id=32840]
  0x0000027db5ebd2c0 ConcurrentGCThread "G1 Refine#0" [stack: 0x000000c2cc500000,0x000000c2cc600000] [id=17828]
  0x0000027db5ebdc00 ConcurrentGCThread "G1 Service" [stack: 0x000000c2cc600000,0x000000c2cc700000] [id=27412]

Threads with active compile tasks:
C2 CompilerThread2    11408 2127       4       sun.security.ec.ECOperations::setDouble (559 bytes)

VM state: not at safepoint (normal execution)

VM Mutex/Monitor currently owned by a thread:  ([mutex/lock_event])
[0x0000027db5e04400] CompiledIC_lock - owner thread: 0x0000000000000000

Heap address: 0x000000008a400000, size: 1884 MB, Compressed Oops mode: 32-bit

CDS archive(s) not mapped
Compressed class space mapped at: 0x0000000100000000-0x0000000140000000, reserved size: 1073741824
Narrow klass base: 0x0000000000000000, Narrow klass shift: 3, Narrow klass range: 0x140000000

GC Precious Log:
 CPUs: 12 total, 12 available
 Memory: 7528M
 Large Page Support: Disabled
 NUMA Support: Disabled
 Compressed Oops: Enabled (32-bit)
 Heap Region Size: 1M
 Heap Min Capacity: 8M
 Heap Initial Capacity: 118M
 Heap Max Capacity: 1884M
 Pre-touch: Disabled
 Parallel Workers: 10
 Concurrent Workers: 3
 Concurrent Refinement Workers: 10
 Periodic GC: Disabled

Heap:
 garbage-first heap   total 120832K, used 16808K [0x000000008a400000, 0x0000000100000000)
  region size 1024K, 16 young (16384K), 3 survivors (3072K)
 Metaspace       used 20215K, committed 20416K, reserved 1114112K
  class space    used 1953K, committed 2048K, reserved 1048576K

Heap Regions: E=young(eden), S=young(survivor), O=old, HS=humongous(starts), HC=humongous(continues), CS=collection set, F=free, OA=open archive, CA=closed archive, TAMS=top-at-mark-start (previous, next)
|   0|0x000000008a400000, 0x000000008a500000, 0x000000008a500000|100%| O|  |TAMS 0x000000008a400000, 0x000000008a400000| Untracked 
|   1|0x000000008a500000, 0x000000008a56a200, 0x000000008a600000| 41%| O|  |TAMS 0x000000008a500000, 0x000000008a500000| Untracked 
|   2|0x000000008a600000, 0x000000008a600000, 0x000000008a700000|  0%| F|  |TAMS 0x000000008a600000, 0x000000008a600000| Untracked 
|   3|0x000000008a700000, 0x000000008a700000, 0x000000008a800000|  0%| F|  |TAMS 0x000000008a700000, 0x000000008a700000| Untracked 
|   4|0x000000008a800000, 0x000000008a800000, 0x000000008a900000|  0%| F|  |TAMS 0x000000008a800000, 0x000000008a800000| Untracked 
|   5|0x000000008a900000, 0x000000008a900000, 0x000000008aa00000|  0%| F|  |TAMS 0x000000008a900000, 0x000000008a900000| Untracked 
|   6|0x000000008aa00000, 0x000000008aa00000, 0x000000008ab00000|  0%| F|  |TAMS 0x000000008aa00000, 0x000000008aa00000| Untracked 
|   7|0x000000008ab00000, 0x000000008ab00000, 0x000000008ac00000|  0%| F|  |TAMS 0x000000008ab00000, 0x000000008ab00000| Untracked 
|   8|0x000000008ac00000, 0x000000008ac00000, 0x000000008ad00000|  0%| F|  |TAMS 0x000000008ac00000, 0x000000008ac00000| Untracked 
|   9|0x000000008ad00000, 0x000000008ad00000, 0x000000008ae00000|  0%| F|  |TAMS 0x000000008ad00000, 0x000000008ad00000| Untracked 
|  10|0x000000008ae00000, 0x000000008ae00000, 0x000000008af00000|  0%| F|  |TAMS 0x000000008ae00000, 0x000000008ae00000| Untracked 
|  11|0x000000008af00000, 0x000000008af00000, 0x000000008b000000|  0%| F|  |TAMS 0x000000008af00000, 0x000000008af00000| Untracked 
|  12|0x000000008b000000, 0x000000008b000000, 0x000000008b100000|  0%| F|  |TAMS 0x000000008b000000, 0x000000008b000000| Untracked 
|  13|0x000000008b100000, 0x000000008b100000, 0x000000008b200000|  0%| F|  |TAMS 0x000000008b100000, 0x000000008b100000| Untracked 
|  14|0x000000008b200000, 0x000000008b200000, 0x000000008b300000|  0%| F|  |TAMS 0x000000008b200000, 0x000000008b200000| Untracked 
|  15|0x000000008b300000, 0x000000008b300000, 0x000000008b400000|  0%| F|  |TAMS 0x000000008b300000, 0x000000008b300000| Untracked 
|  16|0x000000008b400000, 0x000000008b400000, 0x000000008b500000|  0%| F|  |TAMS 0x000000008b400000, 0x000000008b400000| Untracked 
|  17|0x000000008b500000, 0x000000008b500000, 0x000000008b600000|  0%| F|  |TAMS 0x000000008b500000, 0x000000008b500000| Untracked 
|  18|0x000000008b600000, 0x000000008b600000, 0x000000008b700000|  0%| F|  |TAMS 0x000000008b600000, 0x000000008b600000| Untracked 
|  19|0x000000008b700000, 0x000000008b700000, 0x000000008b800000|  0%| F|  |TAMS 0x000000008b700000, 0x000000008b700000| Untracked 
|  20|0x000000008b800000, 0x000000008b800000, 0x000000008b900000|  0%| F|  |TAMS 0x000000008b800000, 0x000000008b800000| Untracked 
|  21|0x000000008b900000, 0x000000008b900000, 0x000000008ba00000|  0%| F|  |TAMS 0x000000008b900000, 0x000000008b900000| Untracked 
|  22|0x000000008ba00000, 0x000000008ba00000, 0x000000008bb00000|  0%| F|  |TAMS 0x000000008ba00000, 0x000000008ba00000| Untracked 
|  23|0x000000008bb00000, 0x000000008bb00000, 0x000000008bc00000|  0%| F|  |TAMS 0x000000008bb00000, 0x000000008bb00000| Untracked 
|  24|0x000000008bc00000, 0x000000008bc00000, 0x000000008bd00000|  0%| F|  |TAMS 0x000000008bc00000, 0x000000008bc00000| Untracked 
|  25|0x000000008bd00000, 0x000000008bd00000, 0x000000008be00000|  0%| F|  |TAMS 0x000000008bd00000, 0x000000008bd00000| Untracked 
|  26|0x000000008be00000, 0x000000008be00000, 0x000000008bf00000|  0%| F|  |TAMS 0x000000008be00000, 0x000000008be00000| Untracked 
|  27|0x000000008bf00000, 0x000000008bf00000, 0x000000008c000000|  0%| F|  |TAMS 0x000000008bf00000, 0x000000008bf00000| Untracked 
|  28|0x000000008c000000, 0x000000008c000000, 0x000000008c100000|  0%| F|  |TAMS 0x000000008c000000, 0x000000008c000000| Untracked 
|  29|0x000000008c100000, 0x000000008c100000, 0x000000008c200000|  0%| F|  |TAMS 0x000000008c100000, 0x000000008c100000| Untracked 
|  30|0x000000008c200000, 0x000000008c200000, 0x000000008c300000|  0%| F|  |TAMS 0x000000008c200000, 0x000000008c200000| Untracked 
|  31|0x000000008c300000, 0x000000008c300000, 0x000000008c400000|  0%| F|  |TAMS 0x000000008c300000, 0x000000008c300000| Untracked 
|  32|0x000000008c400000, 0x000000008c400000, 0x000000008c500000|  0%| F|  |TAMS 0x000000008c400000, 0x000000008c400000| Untracked 
|  33|0x000000008c500000, 0x000000008c500000, 0x000000008c600000|  0%| F|  |TAMS 0x000000008c500000, 0x000000008c500000| Untracked 
|  34|0x000000008c600000, 0x000000008c600000, 0x000000008c700000|  0%| F|  |TAMS 0x000000008c600000, 0x000000008c600000| Untracked 
|  35|0x000000008c700000, 0x000000008c700000, 0x000000008c800000|  0%| F|  |TAMS 0x000000008c700000, 0x000000008c700000| Untracked 
|  36|0x000000008c800000, 0x000000008c800000, 0x000000008c900000|  0%| F|  |TAMS 0x000000008c800000, 0x000000008c800000| Untracked 
|  37|0x000000008c900000, 0x000000008c900000, 0x000000008ca00000|  0%| F|  |TAMS 0x000000008c900000, 0x000000008c900000| Untracked 
|  38|0x000000008ca00000, 0x000000008ca00000, 0x000000008cb00000|  0%| F|  |TAMS 0x000000008ca00000, 0x000000008ca00000| Untracked 
|  39|0x000000008cb00000, 0x000000008cb00000, 0x000000008cc00000|  0%| F|  |TAMS 0x000000008cb00000, 0x000000008cb00000| Untracked 
|  40|0x000000008cc00000, 0x000000008cc00000, 0x000000008cd00000|  0%| F|  |TAMS 0x000000008cc00000, 0x000000008cc00000| Untracked 
|  41|0x000000008cd00000, 0x000000008cd00000, 0x000000008ce00000|  0%| F|  |TAMS 0x000000008cd00000, 0x000000008cd00000| Untracked 
|  42|0x000000008ce00000, 0x000000008ce00000, 0x000000008cf00000|  0%| F|  |TAMS 0x000000008ce00000, 0x000000008ce00000| Untracked 
|  43|0x000000008cf00000, 0x000000008cf00000, 0x000000008d000000|  0%| F|  |TAMS 0x000000008cf00000, 0x000000008cf00000| Untracked 
|  44|0x000000008d000000, 0x000000008d000000, 0x000000008d100000|  0%| F|  |TAMS 0x000000008d000000, 0x000000008d000000| Untracked 
|  45|0x000000008d100000, 0x000000008d100000, 0x000000008d200000|  0%| F|  |TAMS 0x000000008d100000, 0x000000008d100000| Untracked 
|  46|0x000000008d200000, 0x000000008d200000, 0x000000008d300000|  0%| F|  |TAMS 0x000000008d200000, 0x000000008d200000| Untracked 
|  47|0x000000008d300000, 0x000000008d300000, 0x000000008d400000|  0%| F|  |TAMS 0x000000008d300000, 0x000000008d300000| Untracked 
|  48|0x000000008d400000, 0x000000008d400000, 0x000000008d500000|  0%| F|  |TAMS 0x000000008d400000, 0x000000008d400000| Untracked 
|  49|0x000000008d500000, 0x000000008d500000, 0x000000008d600000|  0%| F|  |TAMS 0x000000008d500000, 0x000000008d500000| Untracked 
|  50|0x000000008d600000, 0x000000008d600000, 0x000000008d700000|  0%| F|  |TAMS 0x000000008d600000, 0x000000008d600000| Untracked 
|  51|0x000000008d700000, 0x000000008d700000, 0x000000008d800000|  0%| F|  |TAMS 0x000000008d700000, 0x000000008d700000| Untracked 
|  52|0x000000008d800000, 0x000000008d800000, 0x000000008d900000|  0%| F|  |TAMS 0x000000008d800000, 0x000000008d800000| Untracked 
|  53|0x000000008d900000, 0x000000008d900000, 0x000000008da00000|  0%| F|  |TAMS 0x000000008d900000, 0x000000008d900000| Untracked 
|  54|0x000000008da00000, 0x000000008da00000, 0x000000008db00000|  0%| F|  |TAMS 0x000000008da00000, 0x000000008da00000| Untracked 
|  55|0x000000008db00000, 0x000000008db00000, 0x000000008dc00000|  0%| F|  |TAMS 0x000000008db00000, 0x000000008db00000| Untracked 
|  56|0x000000008dc00000, 0x000000008dc00000, 0x000000008dd00000|  0%| F|  |TAMS 0x000000008dc00000, 0x000000008dc00000| Untracked 
|  57|0x000000008dd00000, 0x000000008dd00000, 0x000000008de00000|  0%| F|  |TAMS 0x000000008dd00000, 0x000000008dd00000| Untracked 
|  58|0x000000008de00000, 0x000000008de00000, 0x000000008df00000|  0%| F|  |TAMS 0x000000008de00000, 0x000000008de00000| Untracked 
|  59|0x000000008df00000, 0x000000008df00000, 0x000000008e000000|  0%| F|  |TAMS 0x000000008df00000, 0x000000008df00000| Untracked 
|  60|0x000000008e000000, 0x000000008e000000, 0x000000008e100000|  0%| F|  |TAMS 0x000000008e000000, 0x000000008e000000| Untracked 
|  61|0x000000008e100000, 0x000000008e100000, 0x000000008e200000|  0%| F|  |TAMS 0x000000008e100000, 0x000000008e100000| Untracked 
|  62|0x000000008e200000, 0x000000008e200000, 0x000000008e300000|  0%| F|  |TAMS 0x000000008e200000, 0x000000008e200000| Untracked 
|  63|0x000000008e300000, 0x000000008e300000, 0x000000008e400000|  0%| F|  |TAMS 0x000000008e300000, 0x000000008e300000| Untracked 
|  64|0x000000008e400000, 0x000000008e400000, 0x000000008e500000|  0%| F|  |TAMS 0x000000008e400000, 0x000000008e400000| Untracked 
|  65|0x000000008e500000, 0x000000008e500000, 0x000000008e600000|  0%| F|  |TAMS 0x000000008e500000, 0x000000008e500000| Untracked 
|  66|0x000000008e600000, 0x000000008e600000, 0x000000008e700000|  0%| F|  |TAMS 0x000000008e600000, 0x000000008e600000| Untracked 
|  67|0x000000008e700000, 0x000000008e700000, 0x000000008e800000|  0%| F|  |TAMS 0x000000008e700000, 0x000000008e700000| Untracked 
|  68|0x000000008e800000, 0x000000008e800000, 0x000000008e900000|  0%| F|  |TAMS 0x000000008e800000, 0x000000008e800000| Untracked 
|  69|0x000000008e900000, 0x000000008e900000, 0x000000008ea00000|  0%| F|  |TAMS 0x000000008e900000, 0x000000008e900000| Untracked 
|  70|0x000000008ea00000, 0x000000008ea00000, 0x000000008eb00000|  0%| F|  |TAMS 0x000000008ea00000, 0x000000008ea00000| Untracked 
|  71|0x000000008eb00000, 0x000000008eb00000, 0x000000008ec00000|  0%| F|  |TAMS 0x000000008eb00000, 0x000000008eb00000| Untracked 
|  72|0x000000008ec00000, 0x000000008ec00000, 0x000000008ed00000|  0%| F|  |TAMS 0x000000008ec00000, 0x000000008ec00000| Untracked 
|  73|0x000000008ed00000, 0x000000008ed00000, 0x000000008ee00000|  0%| F|  |TAMS 0x000000008ed00000, 0x000000008ed00000| Untracked 
|  74|0x000000008ee00000, 0x000000008ee00000, 0x000000008ef00000|  0%| F|  |TAMS 0x000000008ee00000, 0x000000008ee00000| Untracked 
|  75|0x000000008ef00000, 0x000000008ef00000, 0x000000008f000000|  0%| F|  |TAMS 0x000000008ef00000, 0x000000008ef00000| Untracked 
|  76|0x000000008f000000, 0x000000008f000000, 0x000000008f100000|  0%| F|  |TAMS 0x000000008f000000, 0x000000008f000000| Untracked 
|  77|0x000000008f100000, 0x000000008f100000, 0x000000008f200000|  0%| F|  |TAMS 0x000000008f100000, 0x000000008f100000| Untracked 
|  78|0x000000008f200000, 0x000000008f200000, 0x000000008f300000|  0%| F|  |TAMS 0x000000008f200000, 0x000000008f200000| Untracked 
|  79|0x000000008f300000, 0x000000008f300000, 0x000000008f400000|  0%| F|  |TAMS 0x000000008f300000, 0x000000008f300000| Untracked 
|  80|0x000000008f400000, 0x000000008f400000, 0x000000008f500000|  0%| F|  |TAMS 0x000000008f400000, 0x000000008f400000| Untracked 
|  81|0x000000008f500000, 0x000000008f500000, 0x000000008f600000|  0%| F|  |TAMS 0x000000008f500000, 0x000000008f500000| Untracked 
|  82|0x000000008f600000, 0x000000008f600000, 0x000000008f700000|  0%| F|  |TAMS 0x000000008f600000, 0x000000008f600000| Untracked 
|  83|0x000000008f700000, 0x000000008f700000, 0x000000008f800000|  0%| F|  |TAMS 0x000000008f700000, 0x000000008f700000| Untracked 
|  84|0x000000008f800000, 0x000000008f800000, 0x000000008f900000|  0%| F|  |TAMS 0x000000008f800000, 0x000000008f800000| Untracked 
|  85|0x000000008f900000, 0x000000008f900000, 0x000000008fa00000|  0%| F|  |TAMS 0x000000008f900000, 0x000000008f900000| Untracked 
|  86|0x000000008fa00000, 0x000000008fa00000, 0x000000008fb00000|  0%| F|  |TAMS 0x000000008fa00000, 0x000000008fa00000| Untracked 
|  87|0x000000008fb00000, 0x000000008fb00000, 0x000000008fc00000|  0%| F|  |TAMS 0x000000008fb00000, 0x000000008fb00000| Untracked 
|  88|0x000000008fc00000, 0x000000008fc00000, 0x000000008fd00000|  0%| F|  |TAMS 0x000000008fc00000, 0x000000008fc00000| Untracked 
|  89|0x000000008fd00000, 0x000000008fd00000, 0x000000008fe00000|  0%| F|  |TAMS 0x000000008fd00000, 0x000000008fd00000| Untracked 
|  90|0x000000008fe00000, 0x000000008fe00000, 0x000000008ff00000|  0%| F|  |TAMS 0x000000008fe00000, 0x000000008fe00000| Untracked 
|  91|0x000000008ff00000, 0x000000008ff00000, 0x0000000090000000|  0%| F|  |TAMS 0x000000008ff00000, 0x000000008ff00000| Untracked 
|  92|0x0000000090000000, 0x0000000090100000, 0x0000000090100000|100%| S|CS|TAMS 0x0000000090000000, 0x0000000090000000| Complete 
|  93|0x0000000090100000, 0x0000000090200000, 0x0000000090200000|100%| S|CS|TAMS 0x0000000090100000, 0x0000000090100000| Complete 
|  94|0x0000000090200000, 0x0000000090300000, 0x0000000090300000|100%| S|CS|TAMS 0x0000000090200000, 0x0000000090200000| Complete 
|  95|0x0000000090300000, 0x0000000090300000, 0x0000000090400000|  0%| F|  |TAMS 0x0000000090300000, 0x0000000090300000| Untracked 
|  96|0x0000000090400000, 0x0000000090400000, 0x0000000090500000|  0%| F|  |TAMS 0x0000000090400000, 0x0000000090400000| Untracked 
|  97|0x0000000090500000, 0x0000000090500000, 0x0000000090600000|  0%| F|  |TAMS 0x0000000090500000, 0x0000000090500000| Untracked 
|  98|0x0000000090600000, 0x0000000090600000, 0x0000000090700000|  0%| F|  |TAMS 0x0000000090600000, 0x0000000090600000| Untracked 
|  99|0x0000000090700000, 0x0000000090700000, 0x0000000090800000|  0%| F|  |TAMS 0x0000000090700000, 0x0000000090700000| Untracked 
| 100|0x0000000090800000, 0x0000000090800000, 0x0000000090900000|  0%| F|  |TAMS 0x0000000090800000, 0x0000000090800000| Untracked 
| 101|0x0000000090900000, 0x0000000090900000, 0x0000000090a00000|  0%| F|  |TAMS 0x0000000090900000, 0x0000000090900000| Untracked 
| 102|0x0000000090a00000, 0x0000000090a00000, 0x0000000090b00000|  0%| F|  |TAMS 0x0000000090a00000, 0x0000000090a00000| Untracked 
| 103|0x0000000090b00000, 0x0000000090b00000, 0x0000000090c00000|  0%| F|  |TAMS 0x0000000090b00000, 0x0000000090b00000| Untracked 
| 104|0x0000000090c00000, 0x0000000090c00000, 0x0000000090d00000|  0%| F|  |TAMS 0x0000000090c00000, 0x0000000090c00000| Untracked 
| 105|0x0000000090d00000, 0x0000000090d80800, 0x0000000090e00000| 50%| E|  |TAMS 0x0000000090d00000, 0x0000000090d00000| Complete 
| 106|0x0000000090e00000, 0x0000000090f00000, 0x0000000090f00000|100%| E|CS|TAMS 0x0000000090e00000, 0x0000000090e00000| Complete 
| 107|0x0000000090f00000, 0x0000000091000000, 0x0000000091000000|100%| E|CS|TAMS 0x0000000090f00000, 0x0000000090f00000| Complete 
| 108|0x0000000091000000, 0x0000000091100000, 0x0000000091100000|100%| E|CS|TAMS 0x0000000091000000, 0x0000000091000000| Complete 
| 109|0x0000000091100000, 0x0000000091200000, 0x0000000091200000|100%| E|CS|TAMS 0x0000000091100000, 0x0000000091100000| Complete 
| 110|0x0000000091200000, 0x0000000091300000, 0x0000000091300000|100%| E|CS|TAMS 0x0000000091200000, 0x0000000091200000| Complete 
| 111|0x0000000091300000, 0x0000000091400000, 0x0000000091400000|100%| E|CS|TAMS 0x0000000091300000, 0x0000000091300000| Complete 
| 112|0x0000000091400000, 0x0000000091500000, 0x0000000091500000|100%| E|CS|TAMS 0x0000000091400000, 0x0000000091400000| Complete 
| 113|0x0000000091500000, 0x0000000091600000, 0x0000000091600000|100%| E|CS|TAMS 0x0000000091500000, 0x0000000091500000| Complete 
| 114|0x0000000091600000, 0x0000000091700000, 0x0000000091700000|100%| E|CS|TAMS 0x0000000091600000, 0x0000000091600000| Complete 
| 115|0x0000000091700000, 0x0000000091800000, 0x0000000091800000|100%| E|CS|TAMS 0x0000000091700000, 0x0000000091700000| Complete 
| 116|0x0000000091800000, 0x0000000091900000, 0x0000000091900000|100%| E|CS|TAMS 0x0000000091800000, 0x0000000091800000| Complete 
| 117|0x0000000091900000, 0x0000000091a00000, 0x0000000091a00000|100%| E|CS|TAMS 0x0000000091900000, 0x0000000091900000| Complete 

Card table byte_map: [0x0000027dc9560000,0x0000027dc9910000] _byte_map_base: 0x0000027dc910e000

Marking Bits (Prev, Next): (CMBitMap*) 0x0000027db5e62c60, (CMBitMap*) 0x0000027db5e62ca0
 Prev Bits: [0x0000027dc9cc0000, 0x0000027dcba30000)
 Next Bits: [0x0000027dcba30000, 0x0000027dcd7a0000)

Polling page: 0x0000027db4560000

Metaspace:

Usage:
  Non-class:     17.84 MB used.
      Class:      1.91 MB used.
       Both:     19.74 MB used.

Virtual space:
  Non-class space:       64.00 MB reserved,      17.94 MB ( 28%) committed,  1 nodes.
      Class space:        1.00 GB reserved,       2.00 MB ( <1%) committed,  1 nodes.
             Both:        1.06 GB reserved,      19.94 MB (  2%) committed. 

Chunk freelists:
   Non-Class:  14.00 MB
       Class:  14.00 MB
        Both:  28.00 MB

MaxMetaspaceSize: unlimited
CompressedClassSpaceSize: 1.00 GB
Initial GC threshold: 21.00 MB
Current GC threshold: 21.00 MB
CDS: off
MetaspaceReclaimPolicy: balanced
 - commit_granule_bytes: 65536.
 - commit_granule_words: 8192.
 - virtual_space_node_default_size: 8388608.
 - enlarge_chunks_in_place: 1.
 - new_chunks_are_fully_committed: 0.
 - uncommit_free_chunks: 1.
 - use_allocation_guard: 0.
 - handle_deallocations: 1.


Internal statistics:

num_allocs_failed_limit: 0.
num_arena_births: 92.
num_arena_deaths: 0.
num_vsnodes_births: 2.
num_vsnodes_deaths: 0.
num_space_committed: 319.
num_space_uncommitted: 0.
num_chunks_returned_to_freelist: 0.
num_chunks_taken_from_freelist: 316.
num_chunk_merges: 0.
num_chunk_splits: 189.
num_chunks_enlarged: 118.
num_inconsistent_stats: 0.

CodeHeap 'non-profiled nmethods': size=120000Kb used=852Kb max_used=852Kb free=119147Kb
 bounds [0x0000027dc1000000, 0x0000027dc1270000, 0x0000027dc8530000]
CodeHeap 'profiled nmethods': size=120000Kb used=4313Kb max_used=4313Kb free=115686Kb
 bounds [0x0000027db9530000, 0x0000027db9970000, 0x0000027dc0a60000]
CodeHeap 'non-nmethods': size=5760Kb used=1231Kb max_used=1256Kb free=4528Kb
 bounds [0x0000027dc0a60000, 0x0000027dc0cd0000, 0x0000027dc1000000]
 total_blobs=2855 nmethods=2322 adapters=445
 compilation: enabled
              stopped_count=0, restarted_count=0
 full_count=0

Compilation events (20 events):
Event: 8.308 Thread 0x0000027dd0487f20 2260       4       java.util.concurrent.locks.ReentrantLock::lock (8 bytes)
Event: 8.309 Thread 0x0000027dd0487f20 nmethod 2260 0x0000027dc10cdb10 code [0x0000027dc10cdc80, 0x0000027dc10cde38]
Event: 8.312 Thread 0x0000027dd04893a0 2261  s    3       java.io.ByteArrayInputStream::read (36 bytes)
Event: 8.312 Thread 0x0000027dd04893a0 nmethod 2261 0x0000027db9940d10 code [0x0000027db9940ec0, 0x0000027db9941118]
Event: 8.312 Thread 0x0000027dd04893a0 2262  s    3       java.lang.Throwable::fillInStackTrace (29 bytes)
Event: 8.312 Thread 0x0000027dd04893a0 nmethod 2262 0x0000027db9941210 code [0x0000027db99413c0, 0x0000027db99416a8]
Event: 8.312 Thread 0x0000027dd04893a0 2264       3       java.util.Collections::emptySet (4 bytes)
Event: 8.312 Thread 0x0000027dd04893a0 nmethod 2264 0x0000027db9941790 code [0x0000027db9941920, 0x0000027db9941a18]
Event: 8.312 Thread 0x0000027dd5222070 2265 %     4       java.math.BigInteger::implSquareToLen @ 81 (154 bytes)
Event: 8.313 Thread 0x0000027dd04893a0 2266       3       sun.security.provider.DigestBase::engineReset (33 bytes)
Event: 8.313 Thread 0x0000027dd04893a0 nmethod 2266 0x0000027db9941a90 code [0x0000027db9941c40, 0x0000027db9941ed8]
Event: 8.313 Thread 0x0000027dd04893a0 2267       3       com.sun.crypto.provider.AESCrypt::makeSessionKey (899 bytes)
Event: 10.342 Thread 0x0000027dd04893a0 nmethod 2267 0x0000027db9941f90 code [0x0000027db99423c0, 0x0000027db99446e8]
Event: 10.343 Thread 0x0000027dd04893a0 2273       3       com.mysql.cj.result.Field::getColumnLabel (5 bytes)
Event: 10.343 Thread 0x0000027dd04893a0 nmethod 2273 0x0000027db9945810 code [0x0000027db99459c0, 0x0000027db9945c08]
Event: 10.343 Thread 0x0000027dd04893a0 2274       3       com.mysql.cj.result.Field::getName (8 bytes)
Event: 10.343 Thread 0x0000027dd04893a0 nmethod 2274 0x0000027db9945d10 code [0x0000027db9945ec0, 0x0000027db99460a8]
Event: 10.343 Thread 0x0000027dd04893a0 2275       3       com.mysql.cj.util.LazyString::toString (17 bytes)
Event: 10.343 Thread 0x0000027dd04893a0 nmethod 2275 0x0000027db9946190 code [0x0000027db9946340, 0x0000027db99464e8]
Event: 10.343 Thread 0x0000027dd04893a0 2272       3       com.mysql.cj.protocol.result.AbstractResultsetRow::decodeAndCreateReturnValue (1125 bytes)

GC Heap History (2 events):
Event: 5.790 GC heap before
{Heap before GC invocations=0 (full 0):
 garbage-first heap   total 120832K, used 23552K [0x000000008a400000, 0x0000000100000000)
  region size 1024K, 23 young (23552K), 0 survivors (0K)
 Metaspace       used 19658K, committed 19840K, reserved 1114112K
  class space    used 1945K, committed 2048K, reserved 1048576K
}
Event: 5.796 GC heap after
{Heap after GC invocations=1 (full 0):
 garbage-first heap   total 120832K, used 4520K [0x000000008a400000, 0x0000000100000000)
  region size 1024K, 3 young (3072K), 3 survivors (3072K)
 Metaspace       used 19658K, committed 19840K, reserved 1114112K
  class space    used 1945K, committed 2048K, reserved 1048576K
}

Dll operation events (6 events):
Event: 0.007 Loaded shared library C:\Users\matia\.p2\pool\plugins\org.eclipse.justj.openjdk.hotspot.jre.full.win32.x86_64_17.0.8.v20230801-1951\jre\bin\java.dll
Event: 0.087 Loaded shared library C:\Users\matia\.p2\pool\plugins\org.eclipse.justj.openjdk.hotspot.jre.full.win32.x86_64_17.0.8.v20230801-1951\jre\bin\net.dll
Event: 0.088 Loaded shared library C:\Users\matia\.p2\pool\plugins\org.eclipse.justj.openjdk.hotspot.jre.full.win32.x86_64_17.0.8.v20230801-1951\jre\bin\nio.dll
Event: 0.116 Loaded shared library C:\Users\matia\.p2\pool\plugins\org.eclipse.justj.openjdk.hotspot.jre.full.win32.x86_64_17.0.8.v20230801-1951\jre\bin\zip.dll
Event: 1.195 Loaded shared library C:\Users\matia\.p2\pool\plugins\org.eclipse.justj.openjdk.hotspot.jre.full.win32.x86_64_17.0.8.v20230801-1951\jre\bin\jimage.dll
Event: 5.571 Loaded shared library C:\Users\matia\.p2\pool\plugins\org.eclipse.justj.openjdk.hotspot.jre.full.win32.x86_64_17.0.8.v20230801-1951\jre\bin\sunmscapi.dll

Deoptimization events (20 events):
Event: 7.180 Thread 0x0000027db5e07650 DEOPT PACKING pc=0x0000027db9812387 sp=0x000000c2cc1fe390
Event: 7.180 Thread 0x0000027db5e07650 DEOPT UNPACKING pc=0x0000027dc0ab7143 sp=0x000000c2cc1fd8b8 mode 0
Event: 7.198 Thread 0x0000027db5e07650 Uncommon trap: trap_request=0xffffffbe fr.pc=0x0000027dc10c0c78 relative=0x0000000000000538
Event: 7.198 Thread 0x0000027db5e07650 Uncommon trap: reason=profile_predicate action=maybe_recompile pc=0x0000027dc10c0c78 method=com.sun.crypto.provider.HmacCore.engineInit(Ljava/security/Key;Ljava/security/spec/AlgorithmParameterSpec;)V @ 88 c2
Event: 7.198 Thread 0x0000027db5e07650 DEOPT PACKING pc=0x0000027dc10c0c78 sp=0x000000c2cc1fe2e0
Event: 7.198 Thread 0x0000027db5e07650 DEOPT UNPACKING pc=0x0000027dc0ab69a3 sp=0x000000c2cc1fe278 mode 2
Event: 7.198 Thread 0x0000027db5e07650 Uncommon trap: trap_request=0xffffffbe fr.pc=0x0000027dc10c0c78 relative=0x0000000000000538
Event: 7.198 Thread 0x0000027db5e07650 Uncommon trap: reason=profile_predicate action=maybe_recompile pc=0x0000027dc10c0c78 method=com.sun.crypto.provider.HmacCore.engineInit(Ljava/security/Key;Ljava/security/spec/AlgorithmParameterSpec;)V @ 88 c2
Event: 7.198 Thread 0x0000027db5e07650 DEOPT PACKING pc=0x0000027dc10c0c78 sp=0x000000c2cc1fe240
Event: 7.198 Thread 0x0000027db5e07650 DEOPT UNPACKING pc=0x0000027dc0ab69a3 sp=0x000000c2cc1fe1d8 mode 2
Event: 7.198 Thread 0x0000027db5e07650 Uncommon trap: trap_request=0xffffffbe fr.pc=0x0000027dc10c0c78 relative=0x0000000000000538
Event: 7.198 Thread 0x0000027db5e07650 Uncommon trap: reason=profile_predicate action=maybe_recompile pc=0x0000027dc10c0c78 method=com.sun.crypto.provider.HmacCore.engineInit(Ljava/security/Key;Ljava/security/spec/AlgorithmParameterSpec;)V @ 88 c2
Event: 7.198 Thread 0x0000027db5e07650 DEOPT PACKING pc=0x0000027dc10c0c78 sp=0x000000c2cc1fe360
Event: 7.198 Thread 0x0000027db5e07650 DEOPT UNPACKING pc=0x0000027dc0ab69a3 sp=0x000000c2cc1fe2f8 mode 2
Event: 7.198 Thread 0x0000027db5e07650 Uncommon trap: trap_request=0xffffffbe fr.pc=0x0000027dc10c0c78 relative=0x0000000000000538
Event: 7.198 Thread 0x0000027db5e07650 Uncommon trap: reason=profile_predicate action=maybe_recompile pc=0x0000027dc10c0c78 method=com.sun.crypto.provider.HmacCore.engineInit(Ljava/security/Key;Ljava/security/spec/AlgorithmParameterSpec;)V @ 88 c2
Event: 7.198 Thread 0x0000027db5e07650 DEOPT PACKING pc=0x0000027dc10c0c78 sp=0x000000c2cc1fe360
Event: 7.198 Thread 0x0000027db5e07650 DEOPT UNPACKING pc=0x0000027dc0ab69a3 sp=0x000000c2cc1fe2f8 mode 2
Event: 8.251 Thread 0x0000027db5e07650 DEOPT PACKING pc=0x0000027db98abfb3 sp=0x000000c2cc1fdfa0
Event: 8.252 Thread 0x0000027db5e07650 DEOPT UNPACKING pc=0x0000027dc0ab7143 sp=0x000000c2cc1fd410 mode 0

Classes unloaded (0 events):
No events

Classes redefined (0 events):
No events

Internal exceptions (20 events):
Event: 5.718 Thread 0x0000027db5e07650 Exception <a 'java/lang/NoSuchMethodError'{0x000000009059cf00}: 'void java.lang.invoke.DirectMethodHandle$Holder.invokeInterface(java.lang.Object, java.lang.Object)'> (0x000000009059cf00) 
thrown [s\src\hotspot\share\interpreter\linkResolver.cpp, line 759]
Event: 5.808 Thread 0x0000027db5e07650 Exception <a 'java/io/IOException'{0x0000000091911910}> (0x0000000091911910) 
thrown [s\src\hotspot\share\prims\jni.cpp, line 516]
Event: 5.832 Thread 0x0000027db5e07650 Exception <a 'java/io/IOException'{0x000000009197f308}> (0x000000009197f308) 
thrown [s\src\hotspot\share\prims\jni.cpp, line 516]
Event: 5.856 Thread 0x0000027db5e07650 Exception <a 'java/io/IOException'{0x00000000918354c0}> (0x00000000918354c0) 
thrown [s\src\hotspot\share\prims\jni.cpp, line 516]
Event: 5.878 Thread 0x0000027db5e07650 Exception <a 'java/io/IOException'{0x00000000918a0ac0}> (0x00000000918a0ac0) 
thrown [s\src\hotspot\share\prims\jni.cpp, line 516]
Event: 5.898 Thread 0x0000027db5e07650 Exception <a 'java/io/IOException'{0x000000009170c280}> (0x000000009170c280) 
thrown [s\src\hotspot\share\prims\jni.cpp, line 516]
Event: 5.921 Thread 0x0000027db5e07650 Exception <a 'java/io/IOException'{0x0000000091777680}> (0x0000000091777680) 
thrown [s\src\hotspot\share\prims\jni.cpp, line 516]
Event: 5.943 Thread 0x0000027db5e07650 Exception <a 'java/io/IOException'{0x00000000917e3938}> (0x00000000917e3938) 
thrown [s\src\hotspot\share\prims\jni.cpp, line 516]
Event: 5.963 Thread 0x0000027db5e07650 Exception <a 'java/io/IOException'{0x000000009164f0f0}> (0x000000009164f0f0) 
thrown [s\src\hotspot\share\prims\jni.cpp, line 516]
Event: 6.008 Thread 0x0000027db5e07650 Exception <a 'java/io/IOException'{0x0000000091525d78}> (0x0000000091525d78) 
thrown [s\src\hotspot\share\prims\jni.cpp, line 516]
Event: 7.013 Thread 0x0000027db5e07650 Exception <a 'java/io/IOException'{0x0000000091591450}> (0x0000000091591450) 
thrown [s\src\hotspot\share\prims\jni.cpp, line 516]
Event: 7.080 Thread 0x0000027db5e07650 Exception <a 'java/io/IOException'{0x00000000914d7ad0}> (0x00000000914d7ad0) 
thrown [s\src\hotspot\share\prims\jni.cpp, line 516]
Event: 7.100 Thread 0x0000027db5e07650 Exception <a 'java/io/IOException'{0x00000000913517f0}> (0x00000000913517f0) 
thrown [s\src\hotspot\share\prims\jni.cpp, line 516]
Event: 7.136 Thread 0x0000027db5e07650 Exception <a 'java/io/IOException'{0x0000000091228300}> (0x0000000091228300) 
thrown [s\src\hotspot\share\prims\jni.cpp, line 516]
Event: 7.155 Thread 0x0000027db5e07650 Exception <a 'java/io/IOException'{0x0000000091293e40}> (0x0000000091293e40) 
thrown [s\src\hotspot\share\prims\jni.cpp, line 516]
Event: 7.172 Thread 0x0000027db5e07650 Exception <a 'java/io/IOException'{0x00000000912ff490}> (0x00000000912ff490) 
thrown [s\src\hotspot\share\prims\jni.cpp, line 516]
Event: 7.193 Thread 0x0000027db5e07650 Exception <a 'java/io/IOException'{0x000000009116afe0}> (0x000000009116afe0) 
thrown [s\src\hotspot\share\prims\jni.cpp, line 516]
Event: 7.210 Thread 0x0000027db5e07650 Exception <a 'java/io/IOException'{0x00000000911d65a8}> (0x00000000911d65a8) 
thrown [s\src\hotspot\share\prims\jni.cpp, line 516]
Event: 7.229 Thread 0x0000027db5e07650 Exception <a 'java/io/IOException'{0x00000000910424e0}> (0x00000000910424e0) 
thrown [s\src\hotspot\share\prims\jni.cpp, line 516]
Event: 7.247 Thread 0x0000027db5e07650 Exception <a 'java/io/IOException'{0x00000000910acf48}> (0x00000000910acf48) 
thrown [s\src\hotspot\share\prims\jni.cpp, line 516]

VM Operations (20 events):
Event: 3.355 Executing VM operation: Cleanup
Event: 3.448 Executing VM operation: Cleanup done
Event: 3.461 Executing VM operation: HandshakeAllThreads
Event: 3.461 Executing VM operation: HandshakeAllThreads done
Event: 4.474 Executing VM operation: Cleanup
Event: 4.475 Executing VM operation: Cleanup done
Event: 5.634 Executing VM operation: HandshakeAllThreads
Event: 5.634 Executing VM operation: HandshakeAllThreads done
Event: 5.634 Executing VM operation: Cleanup
Event: 5.634 Executing VM operation: Cleanup done
Event: 5.748 Executing VM operation: HandshakeAllThreads
Event: 5.748 Executing VM operation: HandshakeAllThreads done
Event: 5.790 Executing VM operation: G1CollectForAllocation
Event: 5.796 Executing VM operation: G1CollectForAllocation done
Event: 6.797 Executing VM operation: Cleanup
Event: 7.002 Executing VM operation: Cleanup done
Event: 8.016 Executing VM operation: Cleanup
Event: 8.267 Executing VM operation: Cleanup done
Event: 9.281 Executing VM operation: Cleanup
Event: 9.344 Executing VM operation: Cleanup done

Events (20 events):
Event: 5.785 loading class java/time/format/DateTimeFormatterBuilder$TextPrinterParser done
Event: 5.785 loading class java/time/Period
Event: 5.785 loading class java/time/chrono/ChronoPeriod
Event: 5.785 loading class java/time/chrono/ChronoPeriod done
Event: 5.785 loading class java/time/Period done
Event: 5.787 loading class java/io/Console
Event: 5.787 loading class java/io/Console done
Event: 5.797 loading class sun/text/resources/cldr/FormatData_en
Event: 5.797 loading class sun/text/resources/cldr/FormatData_en done
Event: 5.798 loading class sun/text/resources/cldr/FormatData_en_US
Event: 5.798 loading class sun/text/resources/cldr/FormatData_en_US done
Event: 5.798 loading class java/text/DontCareFieldPosition
Event: 5.798 loading class java/text/DontCareFieldPosition done
Event: 5.798 loading class java/text/DontCareFieldPosition$1
Event: 5.798 loading class java/text/Format$FieldDelegate
Event: 5.798 loading class java/text/Format$FieldDelegate done
Event: 5.798 loading class java/text/DontCareFieldPosition$1 done
Event: 5.821 Thread 0x0000027dd5750f40 Thread added: 0x0000027dd5750f40
Event: 8.271 loading class jdk/internal/access/foreign/MemorySegmentProxy
Event: 8.271 loading class jdk/internal/access/foreign/MemorySegmentProxy done


Dynamic libraries:
0x00007ff649430000 - 0x00007ff64943e000 	C:\Users\matia\.p2\pool\plugins\org.eclipse.justj.openjdk.hotspot.jre.full.win32.x86_64_17.0.8.v20230801-1951\jre\bin\javaw.exe
0x00007ffd84ee0000 - 0x00007ffd85145000 	C:\WINDOWS\SYSTEM32\ntdll.dll
0x00007ffd84120000 - 0x00007ffd841e9000 	C:\WINDOWS\System32\KERNEL32.DLL
0x00007ffd82730000 - 0x00007ffd82b18000 	C:\WINDOWS\System32\KERNELBASE.dll
0x00007ffd82270000 - 0x00007ffd823bb000 	C:\WINDOWS\System32\ucrtbase.dll
0x00007ffd74500000 - 0x00007ffd74517000 	C:\Users\matia\.p2\pool\plugins\org.eclipse.justj.openjdk.hotspot.jre.full.win32.x86_64_17.0.8.v20230801-1951\jre\bin\jli.dll
0x00007ffd77150000 - 0x00007ffd77169000 	C:\Users\matia\.p2\pool\plugins\org.eclipse.justj.openjdk.hotspot.jre.full.win32.x86_64_17.0.8.v20230801-1951\jre\bin\VCRUNTIME140.dll
0x00007ffd841f0000 - 0x00007ffd843ba000 	C:\WINDOWS\System32\USER32.dll
0x00007ffd70870000 - 0x00007ffd70b0a000 	C:\WINDOWS\WinSxS\amd64_microsoft.windows.common-controls_6595b64144ccf1df_6.0.26100.4202_none_3e0698d4e335f517\COMCTL32.dll
0x00007ffd82030000 - 0x00007ffd82057000 	C:\WINDOWS\System32\win32u.dll
0x00007ffd83d70000 - 0x00007ffd83e19000 	C:\WINDOWS\System32\msvcrt.dll
0x00007ffd84df0000 - 0x00007ffd84e1b000 	C:\WINDOWS\System32\GDI32.dll
0x00007ffd823c0000 - 0x00007ffd824f7000 	C:\WINDOWS\System32\gdi32full.dll
0x00007ffd82500000 - 0x00007ffd825a3000 	C:\WINDOWS\System32\msvcp_win.dll
0x00007ffd83440000 - 0x00007ffd83470000 	C:\WINDOWS\System32\IMM32.DLL
0x00007ffd770e0000 - 0x00007ffd770ec000 	C:\Users\matia\.p2\pool\plugins\org.eclipse.justj.openjdk.hotspot.jre.full.win32.x86_64_17.0.8.v20230801-1951\jre\bin\vcruntime140_1.dll
0x00007ffd210b0000 - 0x00007ffd21141000 	C:\Users\matia\.p2\pool\plugins\org.eclipse.justj.openjdk.hotspot.jre.full.win32.x86_64_17.0.8.v20230801-1951\jre\bin\msvcp140.dll
0x00007ffc9c9a0000 - 0x00007ffc9d5ec000 	C:\Users\matia\.p2\pool\plugins\org.eclipse.justj.openjdk.hotspot.jre.full.win32.x86_64_17.0.8.v20230801-1951\jre\bin\server\jvm.dll
0x00007ffd83c60000 - 0x00007ffd83d13000 	C:\WINDOWS\System32\ADVAPI32.dll
0x00007ffd83e50000 - 0x00007ffd83ef6000 	C:\WINDOWS\System32\sechost.dll
0x00007ffd84000000 - 0x00007ffd84115000 	C:\WINDOWS\System32\RPCRT4.dll
0x00007ffd7af60000 - 0x00007ffd7af95000 	C:\WINDOWS\SYSTEM32\WINMM.dll
0x00007ffd81dd0000 - 0x00007ffd81e2e000 	C:\WINDOWS\SYSTEM32\POWRPROF.dll
0x00007ffd66070000 - 0x00007ffd6607a000 	C:\WINDOWS\SYSTEM32\WSOCK32.dll
0x00007ffd7afa0000 - 0x00007ffd7afab000 	C:\WINDOWS\SYSTEM32\VERSION.dll
0x00007ffd84440000 - 0x00007ffd844b4000 	C:\WINDOWS\System32\WS2_32.dll
0x00007ffd81cc0000 - 0x00007ffd81cd4000 	C:\WINDOWS\SYSTEM32\UMPDC.dll
0x00007ffd80df0000 - 0x00007ffd80e0b000 	C:\WINDOWS\SYSTEM32\kernel.appcore.dll
0x00007ffd6cb00000 - 0x00007ffd6cb0a000 	C:\Users\matia\.p2\pool\plugins\org.eclipse.justj.openjdk.hotspot.jre.full.win32.x86_64_17.0.8.v20230801-1951\jre\bin\jimage.dll
0x00007ffd746f0000 - 0x00007ffd74931000 	C:\WINDOWS\SYSTEM32\DBGHELP.DLL
0x00007ffd84570000 - 0x00007ffd848f5000 	C:\WINDOWS\System32\combase.dll
0x00007ffd84900000 - 0x00007ffd849e1000 	C:\WINDOWS\System32\OLEAUT32.dll
0x00007ffd6fc70000 - 0x00007ffd6fca9000 	C:\WINDOWS\SYSTEM32\dbgcore.DLL
0x00007ffd82be0000 - 0x00007ffd82c79000 	C:\WINDOWS\System32\bcryptPrimitives.dll
0x00007ffd3b650000 - 0x00007ffd3b675000 	C:\Users\matia\.p2\pool\plugins\org.eclipse.justj.openjdk.hotspot.jre.full.win32.x86_64_17.0.8.v20230801-1951\jre\bin\java.dll
0x00007ffd571b0000 - 0x00007ffd571c8000 	C:\Users\matia\.p2\pool\plugins\org.eclipse.justj.openjdk.hotspot.jre.full.win32.x86_64_17.0.8.v20230801-1951\jre\bin\zip.dll
0x00007ffd83500000 - 0x00007ffd83c42000 	C:\WINDOWS\System32\SHELL32.dll
0x00007ffd825b0000 - 0x00007ffd82724000 	C:\WINDOWS\System32\wintypes.dll
0x00007ffd7fc70000 - 0x00007ffd804c8000 	C:\WINDOWS\SYSTEM32\windows.storage.dll
0x00007ffd84bf0000 - 0x00007ffd84ce1000 	C:\WINDOWS\System32\SHCORE.dll
0x00007ffd83490000 - 0x00007ffd834fa000 	C:\WINDOWS\System32\shlwapi.dll
0x00007ffd81f40000 - 0x00007ffd81f6f000 	C:\WINDOWS\SYSTEM32\profapi.dll
0x00007ffd3e930000 - 0x00007ffd3e949000 	C:\Users\matia\.p2\pool\plugins\org.eclipse.justj.openjdk.hotspot.jre.full.win32.x86_64_17.0.8.v20230801-1951\jre\bin\net.dll
0x00007ffd7ae30000 - 0x00007ffd7af4e000 	C:\WINDOWS\SYSTEM32\WINHTTP.dll
0x00007ffd81360000 - 0x00007ffd813ca000 	C:\WINDOWS\system32\mswsock.dll
0x00007ffd3c610000 - 0x00007ffd3c625000 	C:\Users\matia\.p2\pool\plugins\org.eclipse.justj.openjdk.hotspot.jre.full.win32.x86_64_17.0.8.v20230801-1951\jre\bin\nio.dll
0x00007ffd807e0000 - 0x00007ffd80907000 	C:\WINDOWS\SYSTEM32\DNSAPI.dll
0x00007ffd807a0000 - 0x00007ffd807d3000 	C:\WINDOWS\SYSTEM32\IPHLPAPI.DLL
0x00007ffd82df0000 - 0x00007ffd82dfa000 	C:\WINDOWS\System32\NSI.dll
0x00007ffd78d10000 - 0x00007ffd78d1b000 	C:\Windows\System32\rasadhlp.dll
0x00007ffd7b950000 - 0x00007ffd7b9d6000 	C:\WINDOWS\System32\fwpuclnt.dll
0x00007ffd81610000 - 0x00007ffd8162b000 	C:\WINDOWS\SYSTEM32\CRYPTSP.dll
0x00007ffd80d50000 - 0x00007ffd80d8a000 	C:\WINDOWS\system32\rsaenh.dll
0x00007ffd81400000 - 0x00007ffd8142b000 	C:\WINDOWS\SYSTEM32\USERENV.dll
0x00007ffd81f10000 - 0x00007ffd81f36000 	C:\WINDOWS\SYSTEM32\bcrypt.dll
0x00007ffd81630000 - 0x00007ffd8163c000 	C:\WINDOWS\SYSTEM32\CRYPTBASE.dll
0x00007ffd7b3f0000 - 0x00007ffd7b40f000 	C:\WINDOWS\SYSTEM32\dhcpcsvc6.DLL
0x00007ffd7b3c0000 - 0x00007ffd7b3e5000 	C:\WINDOWS\SYSTEM32\dhcpcsvc.DLL
0x00007ffd5d860000 - 0x00007ffd5d86e000 	C:\Users\matia\.p2\pool\plugins\org.eclipse.justj.openjdk.hotspot.jre.full.win32.x86_64_17.0.8.v20230801-1951\jre\bin\sunmscapi.dll
0x00007ffd82060000 - 0x00007ffd821d7000 	C:\WINDOWS\System32\CRYPT32.dll
0x00007ffd81830000 - 0x00007ffd81860000 	C:\WINDOWS\SYSTEM32\ncrypt.dll
0x00007ffd817e0000 - 0x00007ffd8181f000 	C:\WINDOWS\SYSTEM32\NTASN1.dll

dbghelp: loaded successfully - version: 4.0.5 - missing functions: none
symbol engine: initialized successfully - sym options: 0x614 - pdb path: .;C:\Users\matia\.p2\pool\plugins\org.eclipse.justj.openjdk.hotspot.jre.full.win32.x86_64_17.0.8.v20230801-1951\jre\bin;C:\WINDOWS\SYSTEM32;C:\WINDOWS\WinSxS\amd64_microsoft.windows.common-controls_6595b64144ccf1df_6.0.26100.4202_none_3e0698d4e335f517;C:\Users\matia\.p2\pool\plugins\org.eclipse.justj.openjdk.hotspot.jre.full.win32.x86_64_17.0.8.v20230801-1951\jre\bin\server

VM Arguments:
jvm_args: -Dfile.encoding=UTF-8 --module-path=C:\Users\matia\OneDrive\Documentos\eclipse-workspace\LigraProfesionalFutbol\bin;C:\Users\matia\Downloads\mysql-connector-j-9.3.0\mysql-connector-j-9.3.0\mysql-connector-j-9.3.0.jar -XX:+ShowCodeDetailsInExceptionMessages -Djdk.module.main=LigraProfesionalFutbol 
java_command: LigraProfesionalFutbol/liga.Liga
java_class_path (initial): <not set>
Launcher Type: SUN_STANDARD

[Global flags]
     intx CICompilerCount                          = 4                                         {product} {ergonomic}
     uint ConcGCThreads                            = 3                                         {product} {ergonomic}
     uint G1ConcRefinementThreads                  = 10                                        {product} {ergonomic}
   size_t G1HeapRegionSize                         = 1048576                                   {product} {ergonomic}
    uintx GCDrainStackTargetSize                   = 64                                        {product} {ergonomic}
   size_t InitialHeapSize                          = 123731968                                 {product} {ergonomic}
   size_t MarkStackSize                            = 4194304                                   {product} {ergonomic}
   size_t MaxHeapSize                              = 1975517184                                {product} {ergonomic}
   size_t MaxNewSize                               = 1184890880                                {product} {ergonomic}
   size_t MinHeapDeltaBytes                        = 1048576                                   {product} {ergonomic}
   size_t MinHeapSize                              = 8388608                                   {product} {ergonomic}
    uintx NonNMethodCodeHeapSize                   = 5839372                                {pd product} {ergonomic}
    uintx NonProfiledCodeHeapSize                  = 122909434                              {pd product} {ergonomic}
    uintx ProfiledCodeHeapSize                     = 122909434                              {pd product} {ergonomic}
    uintx ReservedCodeCacheSize                    = 251658240                              {pd product} {ergonomic}
     bool SegmentedCodeCache                       = true                                      {product} {ergonomic}
     bool ShowCodeDetailsInExceptionMessages       = true                                   {manageable} {command line}
   size_t SoftMaxHeapSize                          = 1975517184                             {manageable} {ergonomic}
     bool UseCompressedClassPointers               = true                           {product lp64_product} {ergonomic}
     bool UseCompressedOops                        = true                           {product lp64_product} {ergonomic}
     bool UseG1GC                                  = true                                      {product} {ergonomic}
     bool UseLargePagesIndividualAllocation        = false                                  {pd product} {ergonomic}

Logging:
Log output configuration:
 #0: stdout all=warning uptime,level,tags
 #1: stderr all=off uptime,level,tags

Environment Variables:
PATH=C:/Users/matia/.p2/pool/plugins/org.eclipse.justj.openjdk.hotspot.jre.full.win32.x86_64_17.0.8.v20230801-1951/jre/bin/server;C:/Users/matia/.p2/pool/plugins/org.eclipse.justj.openjdk.hotspot.jre.full.win32.x86_64_17.0.8.v20230801-1951/jre/bin;C:\app\matia\product\21c\dbhomeXE\bin;C:\WINDOWS\system32;C:\WINDOWS;C:\WINDOWS\System32\Wbem;C:\WINDOWS\System32\WindowsPowerShell\v1.0\;C:\WINDOWS\System32\OpenSSH\;C:\Program Files\dotnet\;C:\Program Files\GitHub CLI\;C:\Program Files\Git\cmd;C:\Users\matia\AppData\Local\Microsoft\WindowsApps;C:\Users\matia\AppData\Local\Programs\Microsoft VS Code\bin;;C:\WINDOWS\system32;
USERNAME=matia
OS=Windows_NT
PROCESSOR_IDENTIFIER=AMD64 Family 25 Model 80 Stepping 0, AuthenticAMD
TMP=C:\Users\matia\AppData\Local\Temp
TEMP=C:\Users\matia\AppData\Local\Temp



---------------  S Y S T E M  ---------------

OS:
 Windows 11 , 64 bit Build 26100 (10.0.26100.4202)
OS uptime: 3 days 6:42 hours
Hyper-V role detected

CPU: total 12 (initial active 12) (12 cores per cpu, 2 threads per core) family 25 model 80 stepping 0 microcode 0xa500014, cx8, cmov, fxsr, ht, mmx, 3dnowpref, sse, sse2, sse3, ssse3, sse4a, sse4.1, sse4.2, popcnt, lzcnt, tsc, tscinvbit, avx, avx2, aes, erms, clmul, bmi1, bmi2, adx, sha, fma, vzeroupper, clflush, clflushopt, hv
Processor Information for processor 0
  Max Mhz: 2301, Current Mhz: 2010, Mhz Limit: 2301
Processor Information for processor 1
  Max Mhz: 2301, Current Mhz: 2301, Mhz Limit: 2301
Processor Information for processor 2
  Max Mhz: 2301, Current Mhz: 2301, Mhz Limit: 2301
Processor Information for processor 3
  Max Mhz: 2301, Current Mhz: 2010, Mhz Limit: 2301
Processor Information for processor 4
  Max Mhz: 2301, Current Mhz: 2010, Mhz Limit: 2301
Processor Information for processor 5
  Max Mhz: 2301, Current Mhz: 2301, Mhz Limit: 2301
Processor Information for processor 6
  Max Mhz: 2301, Current Mhz: 2010, Mhz Limit: 2301
Processor Information for processor 7
  Max Mhz: 2301, Current Mhz: 2301, Mhz Limit: 2301
Processor Information for processor 8
  Max Mhz: 2301, Current Mhz: 2301, Mhz Limit: 2301
Processor Information for processor 9
  Max Mhz: 2301, Current Mhz: 2301, Mhz Limit: 2301
Processor Information for processor 10
  Max Mhz: 2301, Current Mhz: 2010, Mhz Limit: 2301
Processor Information for processor 11
  Max Mhz: 2301, Current Mhz: 2301, Mhz Limit: 2301

Memory: 4k page, system-wide physical 7528M (666M free)
TotalPageFile size 31080M (AvailPageFile size 0M)
current process WorkingSet (physical memory assigned to process): 112M, peak: 113M
current process commit charge ("private bytes"): 239M, peak: 241M

vm_info: OpenJDK 64-Bit Server VM (17.0.8+7) for windows-amd64 JRE (17.0.8+7), built on Jul 18 2023 21:02:32 by "admin" with MS VC++ 16.7 (VS2019)

END.
